2021-05-21 16:57:44,349 INFO  [org.jboss.modules] (main) JBoss Modules version 1.11.0.Final
2021-05-21 16:57:44,931 INFO  [org.jboss.msc] (main) JBoss MSC version 1.4.12.Final
2021-05-21 16:57:44,938 INFO  [org.jboss.threads] (main) JBoss Threads version 2.4.0.Final
2021-05-21 16:57:45,036 INFO  [org.jboss.as] (MSC service thread 1-2) WFLYSRV0049: Keycloak 13.0.0 (WildFly Core 15.0.1.Final) starting
2021-05-21 16:57:45,037 DEBUG [org.jboss.as.config] (MSC service thread 1-2) Configured system properties:
	[Standalone] = 
	file.encoding = UTF-8
	file.separator = /
	ftp.nonProxyHosts = local|*.local|169.254/16|*.169.254/16
	http.nonProxyHosts = local|*.local|169.254/16|*.169.254/16
	java.awt.headless = true
	java.class.path = /Users/nyuszi/_GeoDataDemos/geoplatform-demos/keycloak/geocloak-microservice/keycloak-13.0.0/jboss-modules.jar
	java.class.version = 59.0
	java.home = /usr/local/Cellar/openjdk/15.0.2/libexec/openjdk.jdk/Contents/Home
	java.io.tmpdir = /var/folders/07/3kf_v_c929n4lz6lg8n4kvwc0000gn/T/
	java.library.path = /Users/nyuszi/Library/Java/Extensions:/Library/Java/Extensions:/Network/Library/Java/Extensions:/System/Library/Java/Extensions:/usr/lib/java:.
	java.net.preferIPv4Stack = true
	java.runtime.name = OpenJDK Runtime Environment
	java.runtime.version = 15.0.2+7
	java.specification.name = Java Platform API Specification
	java.specification.vendor = Oracle Corporation
	java.specification.version = 15
	java.util.logging.manager = org.jboss.logmanager.LogManager
	java.vendor = N/A
	java.vendor.url = https://openjdk.java.net/
	java.vendor.url.bug = https://bugreport.java.com/bugreport/
	java.version = 15.0.2
	java.version.date = 2021-01-19
	java.vm.compressedOopsMode = Zero based
	java.vm.info = mixed mode, sharing
	java.vm.name = OpenJDK 64-Bit Server VM
	java.vm.specification.name = Java Virtual Machine Specification
	java.vm.specification.vendor = Oracle Corporation
	java.vm.specification.version = 15
	java.vm.vendor = Oracle Corporation
	java.vm.version = 15.0.2+7
	javax.management.builder.initial = org.jboss.as.jmx.PluggableMBeanServerBuilder
	jboss.home.dir = /Users/nyuszi/_GeoDataDemos/geoplatform-demos/keycloak/geocloak-microservice/keycloak-13.0.0
	jboss.host.name = nyuszi-silverfarm
	jboss.modules.dir = /Users/nyuszi/_GeoDataDemos/geoplatform-demos/keycloak/geocloak-microservice/keycloak-13.0.0/modules
	jboss.modules.system.pkgs = org.jboss.byteman
	jboss.node.name = nyuszi-silverfarm
	jboss.qualified.host.name = nyuszi-silverfarm.local
	jboss.server.base.dir = /Users/nyuszi/_GeoDataDemos/geoplatform-demos/keycloak/geocloak-microservice/keycloak-13.0.0/standalone
	jboss.server.config.dir = /Users/nyuszi/_GeoDataDemos/geoplatform-demos/keycloak/geocloak-microservice/keycloak-13.0.0/standalone/configuration
	jboss.server.data.dir = /Users/nyuszi/_GeoDataDemos/geoplatform-demos/keycloak/geocloak-microservice/keycloak-13.0.0/standalone/data
	jboss.server.deploy.dir = /Users/nyuszi/_GeoDataDemos/geoplatform-demos/keycloak/geocloak-microservice/keycloak-13.0.0/standalone/data/content
	jboss.server.log.dir = /Users/nyuszi/_GeoDataDemos/geoplatform-demos/keycloak/geocloak-microservice/keycloak-13.0.0/standalone/log
	jboss.server.name = nyuszi-silverfarm
	jboss.server.persist.config = true
	jboss.server.temp.dir = /Users/nyuszi/_GeoDataDemos/geoplatform-demos/keycloak/geocloak-microservice/keycloak-13.0.0/standalone/tmp
	jdk.debug = release
	line.separator = 

	logging.configuration = file:/Users/nyuszi/_GeoDataDemos/geoplatform-demos/keycloak/geocloak-microservice/keycloak-13.0.0/standalone/configuration/logging.properties
	module.path = /Users/nyuszi/_GeoDataDemos/geoplatform-demos/keycloak/geocloak-microservice/keycloak-13.0.0/modules
	org.jboss.boot.log.file = /Users/nyuszi/_GeoDataDemos/geoplatform-demos/keycloak/geocloak-microservice/keycloak-13.0.0/standalone/log/server.log
	org.jboss.resolver.warning = true
	os.arch = x86_64
	os.name = Mac OS X
	os.version = 10.15.7
	path.separator = :
	socksNonProxyHosts = local|*.local|169.254/16|*.169.254/16
	sun.arch.data.model = 64
	sun.boot.library.path = /usr/local/Cellar/openjdk/15.0.2/libexec/openjdk.jdk/Contents/Home/lib
	sun.cpu.endian = little
	sun.io.unicode.encoding = UnicodeBig
	sun.java.command = /Users/nyuszi/_GeoDataDemos/geoplatform-demos/keycloak/geocloak-microservice/keycloak-13.0.0/jboss-modules.jar -mp /Users/nyuszi/_GeoDataDemos/geoplatform-demos/keycloak/geocloak-microservice/keycloak-13.0.0/modules org.jboss.as.standalone -Djboss.home.dir=/Users/nyuszi/_GeoDataDemos/geoplatform-demos/keycloak/geocloak-microservice/keycloak-13.0.0 -Djboss.server.base.dir=/Users/nyuszi/_GeoDataDemos/geoplatform-demos/keycloak/geocloak-microservice/keycloak-13.0.0/standalone
	sun.java.launcher = SUN_STANDARD
	sun.jnu.encoding = UTF-8
	sun.management.compiler = HotSpot 64-Bit Tiered Compilers
	user.country = US
	user.dir = /Users/nyuszi/_GeoDataDemos/geoplatform-demos/keycloak/geocloak-microservice/keycloak-13.0.0
	user.home = /Users/nyuszi
	user.language = en
	user.name = nyuszi
	user.timezone = America/New_York
2021-05-21 16:57:45,040 DEBUG [org.jboss.as.config] (MSC service thread 1-2) VM Arguments: -D[Standalone] -Xms64m -Xmx512m -XX:MetaspaceSize=96M -XX:MaxMetaspaceSize=256m -Djava.net.preferIPv4Stack=true -Djboss.modules.system.pkgs=org.jboss.byteman -Djava.awt.headless=true --add-exports=java.base/sun.nio.ch=ALL-UNNAMED --add-exports=jdk.unsupported/sun.misc=ALL-UNNAMED --add-exports=jdk.unsupported/sun.reflect=ALL-UNNAMED -Dorg.jboss.boot.log.file=/Users/nyuszi/_GeoDataDemos/geoplatform-demos/keycloak/geocloak-microservice/keycloak-13.0.0/standalone/log/server.log -Dlogging.configuration=file:/Users/nyuszi/_GeoDataDemos/geoplatform-demos/keycloak/geocloak-microservice/keycloak-13.0.0/standalone/configuration/logging.properties 
2021-05-21 16:57:45,516 INFO  [org.wildfly.security] (ServerService Thread Pool -- 20) ELY00001: WildFly Elytron version 1.15.3.Final
2021-05-21 16:57:45,785 INFO  [org.jboss.as.controller.management-deprecated] (ServerService Thread Pool -- 11) WFLYCTL0033: Extension 'security' is deprecated and may not be supported in future versions
2021-05-21 16:57:45,905 INFO  [org.jboss.as.controller.management-deprecated] (Controller Boot Thread) WFLYCTL0028: Attribute 'security-realm' in the resource at address '/core-service=management/management-interface=http-interface' is deprecated, and may be removed in a future version. See the attribute description in the output of the read-resource-description operation to learn more about the deprecation.
2021-05-21 16:57:45,922 INFO  [org.jboss.as.controller.management-deprecated] (ServerService Thread Pool -- 17) WFLYCTL0028: Attribute 'security-realm' in the resource at address '/subsystem=undertow/server=default-server/https-listener=https' is deprecated, and may be removed in a future version. See the attribute description in the output of the read-resource-description operation to learn more about the deprecation.
2021-05-21 16:57:46,011 INFO  [org.jboss.as.server] (Controller Boot Thread) WFLYSRV0039: Creating http management service using socket-binding (management-http)
2021-05-21 16:57:46,027 INFO  [org.xnio] (MSC service thread 1-1) XNIO version 3.8.4.Final
2021-05-21 16:57:46,034 INFO  [org.xnio.nio] (MSC service thread 1-1) XNIO NIO Implementation Version 3.8.4.Final
2021-05-21 16:57:46,054 INFO  [org.wildfly.extension.health] (ServerService Thread Pool -- 34) WFLYHEALTH0001: Activating Base Health Subsystem
2021-05-21 16:57:46,056 INFO  [org.jboss.as.clustering.infinispan] (ServerService Thread Pool -- 40) WFLYCLINF0001: Activating Infinispan subsystem.
2021-05-21 16:57:46,057 INFO  [org.wildfly.extension.io] (ServerService Thread Pool -- 35) WFLYIO001: Worker 'default' has auto-configured to 32 IO threads with 256 max task threads based on your 16 available processors
2021-05-21 16:57:46,058 WARN  [org.jboss.as.txn] (ServerService Thread Pool -- 52) WFLYTX0013: The node-identifier attribute on the /subsystem=transactions is set to the default value. This is a danger for environments running multiple servers. Please make sure the attribute value is unique.
2021-05-21 16:57:46,060 INFO  [org.jboss.as.security] (ServerService Thread Pool -- 49) WFLYSEC0002: Activating Security Subsystem
2021-05-21 16:57:46,061 INFO  [org.jboss.as.naming] (ServerService Thread Pool -- 45) WFLYNAM0001: Activating Naming Subsystem
2021-05-21 16:57:46,066 INFO  [org.jboss.as.security] (MSC service thread 1-6) WFLYSEC0001: Current PicketBox version=5.0.3.Final-redhat-00007
2021-05-21 16:57:46,067 INFO  [org.wildfly.extension.metrics] (ServerService Thread Pool -- 44) WFLYMETRICS0001: Activating Base Metrics Subsystem
2021-05-21 16:57:46,071 INFO  [org.jboss.as.jaxrs] (ServerService Thread Pool -- 36) WFLYRS0016: RESTEasy version 3.15.1.Final
2021-05-21 16:57:46,074 INFO  [org.jboss.as.connector] (MSC service thread 1-2) WFLYJCA0009: Starting Jakarta Connectors Subsystem (WildFly/IronJacamar 1.4.27.Final)
2021-05-21 16:57:46,089 INFO  [org.wildfly.extension.undertow] (MSC service thread 1-4) WFLYUT0003: Undertow 2.2.5.Final starting
2021-05-21 16:57:46,099 INFO  [org.jboss.as.naming] (MSC service thread 1-4) WFLYNAM0003: Starting Naming Service
2021-05-21 16:57:46,102 INFO  [org.jboss.as.connector.subsystems.datasources] (ServerService Thread Pool -- 50) WFLYJCA0004: Deploying JDBC-compliant driver class org.h2.Driver (version 1.4)
2021-05-21 16:57:46,105 INFO  [org.jboss.as.mail.extension] (MSC service thread 1-4) WFLYMAIL0001: Bound mail session [java:jboss/mail/Default]
2021-05-21 16:57:46,106 INFO  [org.jboss.as.connector.deployers.jdbc] (MSC service thread 1-8) WFLYJCA0018: Started Driver service with driver-name = h2
2021-05-21 16:57:46,112 WARN  [org.wildfly.clustering.web.undertow] (ServerService Thread Pool -- 42) WFLYCLWEBUT0007: No routing provider found for default-server; using legacy provider based on static configuration
2021-05-21 16:57:46,118 INFO  [org.jboss.remoting] (MSC service thread 1-1) JBoss Remoting version 5.0.20.Final
2021-05-21 16:57:46,139 WARN  [org.wildfly.extension.elytron] (MSC service thread 1-4) WFLYELY00023: KeyStore file '/Users/nyuszi/_GeoDataDemos/geoplatform-demos/keycloak/geocloak-microservice/keycloak-13.0.0/standalone/configuration/application.keystore' does not exist. Used blank.
2021-05-21 16:57:46,155 WARN  [org.wildfly.extension.elytron] (MSC service thread 1-7) WFLYELY01084: KeyStore /Users/nyuszi/_GeoDataDemos/geoplatform-demos/keycloak/geocloak-microservice/keycloak-13.0.0/standalone/configuration/application.keystore not found, it will be auto generated on first use with a self-signed certificate for host localhost
2021-05-21 16:57:46,160 INFO  [org.wildfly.extension.undertow] (ServerService Thread Pool -- 42) WFLYUT0014: Creating file handler for path '/Users/nyuszi/_GeoDataDemos/geoplatform-demos/keycloak/geocloak-microservice/keycloak-13.0.0/welcome-content' with options [directory-listing: 'false', follow-symlink: 'false', case-sensitive: 'true', safe-symlink-paths: '[]']
2021-05-21 16:57:46,170 INFO  [org.wildfly.extension.undertow] (MSC service thread 1-4) WFLYUT0012: Started server default-server.
2021-05-21 16:57:46,172 INFO  [org.jboss.as.ejb3] (MSC service thread 1-1) WFLYEJB0482: Strict pool mdb-strict-max-pool is using a max instance size of 64 (per class), which is derived from the number of CPUs on this host.
2021-05-21 16:57:46,172 INFO  [org.jboss.as.ejb3] (MSC service thread 1-2) WFLYEJB0481: Strict pool slsb-strict-max-pool is using a max instance size of 256 (per class), which is derived from thread worker pool sizing.
2021-05-21 16:57:46,172 INFO  [org.wildfly.extension.undertow] (MSC service thread 1-3) Queuing requests.
2021-05-21 16:57:46,173 INFO  [org.wildfly.extension.undertow] (MSC service thread 1-3) WFLYUT0018: Host default-host starting
2021-05-21 16:57:46,227 INFO  [org.wildfly.extension.undertow] (MSC service thread 1-4) WFLYUT0006: Undertow HTTP listener default listening on 127.0.0.1:8080
2021-05-21 16:57:46,283 INFO  [org.jboss.as.ejb3] (MSC service thread 1-1) WFLYEJB0493: Jakarta Enterprise Beans subsystem suspension complete
2021-05-21 16:57:46,327 INFO  [org.jboss.as.connector.subsystems.datasources] (MSC service thread 1-6) WFLYJCA0001: Bound data source [java:jboss/datasources/ExampleDS]
2021-05-21 16:57:46,327 INFO  [org.jboss.as.connector.subsystems.datasources] (MSC service thread 1-3) WFLYJCA0001: Bound data source [java:jboss/datasources/KeycloakDS]
2021-05-21 16:57:46,365 INFO  [org.jboss.as.patching] (MSC service thread 1-2) WFLYPAT0050: Keycloak cumulative patch ID is: base, one-off patches include: none
2021-05-21 16:57:46,371 WARN  [org.jboss.as.domain.management.security] (MSC service thread 1-8) WFLYDM0111: Keystore /Users/nyuszi/_GeoDataDemos/geoplatform-demos/keycloak/geocloak-microservice/keycloak-13.0.0/standalone/configuration/application.keystore not found, it will be auto generated on first use with a self signed certificate for host localhost
2021-05-21 16:57:46,375 INFO  [org.jboss.as.server.deployment.scanner] (MSC service thread 1-5) WFLYDS0013: Started FileSystemDeploymentService for directory /Users/nyuszi/_GeoDataDemos/geoplatform-demos/keycloak/geocloak-microservice/keycloak-13.0.0/standalone/deployments
2021-05-21 16:57:46,382 INFO  [org.jboss.as.server.deployment] (MSC service thread 1-1) WFLYSRV0027: Starting deployment of "keycloak-server.war" (runtime-name: "keycloak-server.war")
2021-05-21 16:57:46,394 INFO  [org.wildfly.extension.undertow] (MSC service thread 1-6) WFLYUT0006: Undertow HTTPS listener https listening on 127.0.0.1:8443
2021-05-21 16:57:46,968 INFO  [org.infinispan.CONTAINER] (ServerService Thread Pool -- 55) ISPN000128: Infinispan version: Infinispan 'Corona Extra' 11.0.9.Final
2021-05-21 16:57:47,007 INFO  [org.infinispan.CONFIG] (MSC service thread 1-3) ISPN000152: Passivation configured without an eviction policy being selected. Only manually evicted entities will be passivated.
2021-05-21 16:57:47,009 INFO  [org.infinispan.CONFIG] (MSC service thread 1-3) ISPN000152: Passivation configured without an eviction policy being selected. Only manually evicted entities will be passivated.
2021-05-21 16:57:47,068 INFO  [org.infinispan.PERSISTENCE] (ServerService Thread Pool -- 55) ISPN000556: Starting user marshaller 'org.wildfly.clustering.infinispan.marshalling.jboss.JBossMarshaller'
2021-05-21 16:57:47,069 INFO  [org.infinispan.PERSISTENCE] (ServerService Thread Pool -- 54) ISPN000556: Starting user marshaller 'org.wildfly.clustering.infinispan.spi.marshalling.InfinispanProtoStreamMarshaller'
2021-05-21 16:57:47,235 INFO  [org.jboss.as.clustering.infinispan] (ServerService Thread Pool -- 54) WFLYCLINF0002: Started http-remoting-connector cache from ejb container
2021-05-21 16:57:47,249 INFO  [org.jboss.as.clustering.infinispan] (ServerService Thread Pool -- 59) WFLYCLINF0002: Started work cache from keycloak container
2021-05-21 16:57:47,249 INFO  [org.jboss.as.clustering.infinispan] (ServerService Thread Pool -- 64) WFLYCLINF0002: Started actionTokens cache from keycloak container
2021-05-21 16:57:47,249 INFO  [org.jboss.as.clustering.infinispan] (ServerService Thread Pool -- 62) WFLYCLINF0002: Started authenticationSessions cache from keycloak container
2021-05-21 16:57:47,250 INFO  [org.jboss.as.clustering.infinispan] (ServerService Thread Pool -- 55) WFLYCLINF0002: Started sessions cache from keycloak container
2021-05-21 16:57:47,249 INFO  [org.jboss.as.clustering.infinispan] (ServerService Thread Pool -- 65) WFLYCLINF0002: Started offlineSessions cache from keycloak container
2021-05-21 16:57:47,249 INFO  [org.jboss.as.clustering.infinispan] (ServerService Thread Pool -- 58) WFLYCLINF0002: Started clientSessions cache from keycloak container
2021-05-21 16:57:47,250 INFO  [org.jboss.as.clustering.infinispan] (ServerService Thread Pool -- 54) WFLYCLINF0002: Started offlineClientSessions cache from keycloak container
2021-05-21 16:57:47,249 INFO  [org.jboss.as.clustering.infinispan] (ServerService Thread Pool -- 66) WFLYCLINF0002: Started loginFailures cache from keycloak container
2021-05-21 16:57:47,277 INFO  [org.jboss.as.clustering.infinispan] (ServerService Thread Pool -- 57) WFLYCLINF0002: Started keys cache from keycloak container
2021-05-21 16:57:47,277 INFO  [org.jboss.as.clustering.infinispan] (ServerService Thread Pool -- 56) WFLYCLINF0002: Started authorization cache from keycloak container
2021-05-21 16:57:47,277 INFO  [org.jboss.as.clustering.infinispan] (ServerService Thread Pool -- 61) WFLYCLINF0002: Started users cache from keycloak container
2021-05-21 16:57:47,277 INFO  [org.jboss.as.clustering.infinispan] (ServerService Thread Pool -- 60) WFLYCLINF0002: Started realms cache from keycloak container
2021-05-21 16:57:47,367 WARN  [org.jboss.as.server.deployment] (MSC service thread 1-8) WFLYSRV0273: Excluded subsystem webservices via jboss-deployment-structure.xml does not exist.
2021-05-21 16:57:47,814 INFO  [org.keycloak.services] (ServerService Thread Pool -- 60) KC-SERVICES0001: Loading config from standalone.xml or domain.xml
2021-05-21 16:57:48,161 INFO  [org.keycloak.url.DefaultHostnameProviderFactory] (ServerService Thread Pool -- 60) Frontend: <request>, Admin: <frontend>, Backend: <request>
2021-05-21 16:57:48,236 INFO  [org.jboss.as.clustering.infinispan] (ServerService Thread Pool -- 60) WFLYCLINF0002: Started realmRevisions cache from keycloak container
2021-05-21 16:57:48,240 INFO  [org.jboss.as.clustering.infinispan] (ServerService Thread Pool -- 60) WFLYCLINF0002: Started userRevisions cache from keycloak container
2021-05-21 16:57:48,243 INFO  [org.jboss.as.clustering.infinispan] (ServerService Thread Pool -- 60) WFLYCLINF0002: Started authorizationRevisions cache from keycloak container
2021-05-21 16:57:48,244 INFO  [org.keycloak.connections.infinispan.DefaultInfinispanConnectionProviderFactory] (ServerService Thread Pool -- 60) Node name: nyuszi-silverfarm, Site name: null
2021-05-21 16:57:48,503 INFO  [org.keycloak.connections.jpa.DefaultJpaConnectionProviderFactory] (ServerService Thread Pool -- 60) Database info: {databaseUrl=jdbc:h2:/Users/nyuszi/_GeoDataDemos/geoplatform-demos/keycloak/geocloak-microservice/keycloak-13.0.0/standalone/data/keycloak, databaseUser=SA, databaseProduct=H2 1.4.197 (2018-03-18), databaseDriver=H2 JDBC Driver 1.4.197 (2018-03-18)}
2021-05-21 16:57:50,414 INFO  [org.keycloak.connections.jpa.updater.liquibase.LiquibaseJpaUpdaterProvider] (ServerService Thread Pool -- 60) Initializing database schema. Using changelog META-INF/jpa-changelog-master.xml
2021-05-21 16:57:51,472 INFO  [org.hibernate.jpa.internal.util.LogHelper] (ServerService Thread Pool -- 60) HHH000204: Processing PersistenceUnitInfo [
	name: keycloak-default
	...]
2021-05-21 16:57:51,530 INFO  [org.hibernate.Version] (ServerService Thread Pool -- 60) HHH000412: Hibernate Core {5.3.20.Final}
2021-05-21 16:57:51,531 INFO  [org.hibernate.cfg.Environment] (ServerService Thread Pool -- 60) HHH000206: hibernate.properties not found
2021-05-21 16:57:51,648 INFO  [org.hibernate.annotations.common.Version] (ServerService Thread Pool -- 60) HCANN000001: Hibernate Commons Annotations {5.0.5.Final}
2021-05-21 16:57:51,763 INFO  [org.hibernate.dialect.Dialect] (ServerService Thread Pool -- 60) HHH000400: Using dialect: org.hibernate.dialect.H2Dialect
2021-05-21 16:57:51,793 INFO  [org.hibernate.envers.boot.internal.EnversServiceImpl] (ServerService Thread Pool -- 60) Envers integration enabled? : true
2021-05-21 16:57:52,094 INFO  [org.hibernate.orm.beans] (ServerService Thread Pool -- 60) HHH10005002: No explicit CDI BeanManager reference was passed to Hibernate, but CDI is available on the Hibernate ClassLoader.
2021-05-21 16:57:52,132 INFO  [org.hibernate.validator.internal.util.Version] (ServerService Thread Pool -- 60) HV000001: Hibernate Validator 6.0.22.Final
2021-05-21 16:57:52,877 INFO  [org.hibernate.hql.internal.QueryTranslatorFactoryInitiator] (ServerService Thread Pool -- 60) HHH000397: Using ASTQueryTranslatorFactory
2021-05-21 16:57:53,181 INFO  [org.keycloak.services] (ServerService Thread Pool -- 60) KC-SERVICES0050: Initializing master realm
2021-05-21 16:57:53,902 INFO  [org.jboss.resteasy.resteasy_jaxrs.i18n] (ServerService Thread Pool -- 60) RESTEASY002225: Deploying javax.ws.rs.core.Application: class org.keycloak.services.resources.KeycloakApplication
2021-05-21 16:57:53,903 INFO  [org.jboss.resteasy.resteasy_jaxrs.i18n] (ServerService Thread Pool -- 60) RESTEASY002200: Adding class resource org.keycloak.services.resources.JsResource from Application class org.keycloak.services.resources.KeycloakApplication
2021-05-21 16:57:53,903 INFO  [org.jboss.resteasy.resteasy_jaxrs.i18n] (ServerService Thread Pool -- 60) RESTEASY002200: Adding class resource org.keycloak.services.resources.ThemeResource from Application class org.keycloak.services.resources.KeycloakApplication
2021-05-21 16:57:53,904 INFO  [org.jboss.resteasy.resteasy_jaxrs.i18n] (ServerService Thread Pool -- 60) RESTEASY002205: Adding provider class org.keycloak.services.error.KeycloakErrorHandler from Application class org.keycloak.services.resources.KeycloakApplication
2021-05-21 16:57:53,904 INFO  [org.jboss.resteasy.resteasy_jaxrs.i18n] (ServerService Thread Pool -- 60) RESTEASY002205: Adding provider class org.keycloak.services.filters.KeycloakSecurityHeadersFilter from Application class org.keycloak.services.resources.KeycloakApplication
2021-05-21 16:57:53,904 INFO  [org.jboss.resteasy.resteasy_jaxrs.i18n] (ServerService Thread Pool -- 60) RESTEASY002210: Adding provider singleton org.keycloak.services.util.ObjectMapperResolver from Application class org.keycloak.services.resources.KeycloakApplication
2021-05-21 16:57:53,904 INFO  [org.jboss.resteasy.resteasy_jaxrs.i18n] (ServerService Thread Pool -- 60) RESTEASY002220: Adding singleton resource org.keycloak.services.resources.WelcomeResource from Application class org.keycloak.services.resources.KeycloakApplication
2021-05-21 16:57:53,905 INFO  [org.jboss.resteasy.resteasy_jaxrs.i18n] (ServerService Thread Pool -- 60) RESTEASY002220: Adding singleton resource org.keycloak.services.resources.RobotsResource from Application class org.keycloak.services.resources.KeycloakApplication
2021-05-21 16:57:53,905 INFO  [org.jboss.resteasy.resteasy_jaxrs.i18n] (ServerService Thread Pool -- 60) RESTEASY002220: Adding singleton resource org.keycloak.services.resources.RealmsResource from Application class org.keycloak.services.resources.KeycloakApplication
2021-05-21 16:57:53,905 INFO  [org.jboss.resteasy.resteasy_jaxrs.i18n] (ServerService Thread Pool -- 60) RESTEASY002220: Adding singleton resource org.keycloak.services.resources.admin.AdminRoot from Application class org.keycloak.services.resources.KeycloakApplication
2021-05-21 16:57:53,963 INFO  [org.wildfly.extension.undertow] (ServerService Thread Pool -- 60) WFLYUT0021: Registered web context: '/auth' for server 'default-server'
2021-05-21 16:57:54,010 INFO  [org.jboss.as.server] (ServerService Thread Pool -- 41) WFLYSRV0010: Deployed "keycloak-server.war" (runtime-name : "keycloak-server.war")
2021-05-21 16:57:54,042 INFO  [org.jboss.as.server] (Controller Boot Thread) WFLYSRV0212: Resuming server
2021-05-21 16:57:54,044 INFO  [org.jboss.as] (Controller Boot Thread) WFLYSRV0025: Keycloak 13.0.0 (WildFly Core 15.0.1.Final) started in 9997ms - Started 594 of 872 services (584 services are lazy, passive or on-demand)
2021-05-21 16:57:54,045 INFO  [org.jboss.as] (Controller Boot Thread) WFLYSRV0060: Http management interface listening on http://127.0.0.1:9990/management
2021-05-21 16:57:54,045 INFO  [org.jboss.as] (Controller Boot Thread) WFLYSRV0051: Admin console listening on http://127.0.0.1:9990
2021-05-21 16:58:20,140 INFO  [org.jboss.as.server] (Thread-1) WFLYSRV0272: Suspending server
2021-05-21 16:58:20,142 INFO  [org.jboss.as.ejb3] (Thread-1) WFLYEJB0493: Jakarta Enterprise Beans subsystem suspension complete
2021-05-21 16:58:20,144 INFO  [org.jboss.as.server] (Thread-1) WFLYSRV0220: Server shutdown has been requested via an OS signal
2021-05-21 16:58:20,151 INFO  [org.jboss.as.connector.subsystems.datasources] (MSC service thread 1-5) WFLYJCA0010: Unbound data source [java:jboss/datasources/KeycloakDS]
2021-05-21 16:58:20,152 INFO  [org.jboss.as.mail.extension] (MSC service thread 1-3) WFLYMAIL0002: Unbound mail session [java:jboss/mail/Default]
2021-05-21 16:58:20,153 INFO  [org.wildfly.extension.undertow] (MSC service thread 1-6) WFLYUT0008: Undertow HTTPS listener https suspending
2021-05-21 16:58:20,154 INFO  [org.wildfly.extension.undertow] (ServerService Thread Pool -- 69) WFLYUT0022: Unregistered web context: '/auth' from server 'default-server'
2021-05-21 16:58:20,154 INFO  [org.wildfly.extension.undertow] (MSC service thread 1-6) WFLYUT0007: Undertow HTTPS listener https stopped, was bound to 127.0.0.1:8443
2021-05-21 16:58:20,159 INFO  [org.jboss.as.connector.subsystems.datasources] (MSC service thread 1-8) WFLYJCA0010: Unbound data source [java:jboss/datasources/ExampleDS]
2021-05-21 16:58:20,160 INFO  [org.jboss.as.connector.deployers.jdbc] (MSC service thread 1-5) WFLYJCA0019: Stopped Driver service with driver-name = h2
2021-05-21 16:58:20,160 INFO  [org.wildfly.extension.undertow] (MSC service thread 1-6) WFLYUT0019: Host default-host stopping
2021-05-21 16:58:20,163 INFO  [org.wildfly.extension.undertow] (MSC service thread 1-7) WFLYUT0008: Undertow HTTP listener default suspending
2021-05-21 16:58:20,163 INFO  [org.jboss.as.server.deployment] (MSC service thread 1-6) WFLYSRV0028: Stopped deployment keycloak-server.war (runtime-name: keycloak-server.war) in 17ms
2021-05-21 16:58:20,164 INFO  [org.jboss.as.clustering.infinispan] (ServerService Thread Pool -- 73) WFLYCLINF0003: Stopped offlineSessions cache from keycloak container
2021-05-21 16:58:20,164 INFO  [org.jboss.as.clustering.infinispan] (ServerService Thread Pool -- 69) WFLYCLINF0003: Stopped authenticationSessions cache from keycloak container
2021-05-21 16:58:20,164 INFO  [org.wildfly.extension.undertow] (MSC service thread 1-7) WFLYUT0007: Undertow HTTP listener default stopped, was bound to 127.0.0.1:8080
2021-05-21 16:58:20,165 INFO  [org.jboss.as.clustering.infinispan] (ServerService Thread Pool -- 72) WFLYCLINF0003: Stopped work cache from keycloak container
2021-05-21 16:58:20,165 INFO  [org.jboss.as.clustering.infinispan] (ServerService Thread Pool -- 70) WFLYCLINF0003: Stopped sessions cache from keycloak container
2021-05-21 16:58:20,165 INFO  [org.jboss.as.clustering.infinispan] (ServerService Thread Pool -- 71) WFLYCLINF0003: Stopped clientSessions cache from keycloak container
2021-05-21 16:58:20,166 INFO  [org.jboss.as.clustering.infinispan] (ServerService Thread Pool -- 74) WFLYCLINF0003: Stopped actionTokens cache from keycloak container
2021-05-21 16:58:20,166 INFO  [org.jboss.as.clustering.infinispan] (ServerService Thread Pool -- 77) WFLYCLINF0003: Stopped offlineClientSessions cache from keycloak container
2021-05-21 16:58:20,167 INFO  [org.wildfly.extension.undertow] (MSC service thread 1-7) WFLYUT0004: Undertow 2.2.5.Final stopping
2021-05-21 16:58:20,167 INFO  [org.jboss.as.clustering.infinispan] (ServerService Thread Pool -- 78) WFLYCLINF0003: Stopped loginFailures cache from keycloak container
2021-05-21 16:58:20,167 INFO  [org.jboss.as.clustering.infinispan] (ServerService Thread Pool -- 76) WFLYCLINF0003: Stopped users cache from keycloak container
2021-05-21 16:58:20,167 INFO  [org.jboss.as.clustering.infinispan] (ServerService Thread Pool -- 80) WFLYCLINF0003: Stopped keys cache from keycloak container
2021-05-21 16:58:20,167 INFO  [org.jboss.as.clustering.infinispan] (ServerService Thread Pool -- 79) WFLYCLINF0003: Stopped authorization cache from keycloak container
2021-05-21 16:58:20,171 INFO  [org.jboss.as.clustering.infinispan] (ServerService Thread Pool -- 75) WFLYCLINF0003: Stopped realms cache from keycloak container
2021-05-21 16:58:20,171 INFO  [org.infinispan.manager.DefaultCacheManager] (ServerService Thread Pool -- 75) Stopping cache manager null on null
2021-05-21 16:58:20,221 INFO  [org.jboss.as.clustering.infinispan] (ServerService Thread Pool -- 60) WFLYCLINF0003: Stopped http-remoting-connector cache from ejb container
2021-05-21 16:58:20,221 INFO  [org.infinispan.manager.DefaultCacheManager] (ServerService Thread Pool -- 60) Stopping cache manager null on null
2021-05-21 16:58:20,224 INFO  [org.jboss.as] (MSC service thread 1-4) WFLYSRV0050: Keycloak 13.0.0 (WildFly Core 15.0.1.Final) stopped in 77ms
